May 31, 2011 11:56:54 PM org.apache.solr.core.SolrResourceLoader locateSolrHome
INFO: JNDI not configured for solr (NoInitialContextEx)
May 31, 2011 11:56:54 PM org.apache.solr.core.SolrResourceLoader locateSolrHome
INFO: using system property solr.solr.home: /home/huynhut/development/solr
May 31, 2011 11:56:54 PM org.apache.solr.core.SolrResourceLoader <init>
INFO: Solr home set to '/home/huynhut/development/solr/'
May 31, 2011 11:56:54 PM org.apache.solr.servlet.SolrDispatchFilter init
INFO: SolrDispatchFilter.init()
May 31, 2011 11:56:54 PM org.apache.solr.core.SolrResourceLoader locateSolrHome
INFO: JNDI not configured for solr (NoInitialContextEx)
May 31, 2011 11:56:54 PM org.apache.solr.core.SolrResourceLoader locateSolrHome
INFO: using system property solr.solr.home: /home/huynhut/development/solr
May 31, 2011 11:56:54 PM org.apache.solr.core.CoreContainer$Initializer initialize
INFO: looking for solr.xml: /home/huynhut/development/solr/solr.xml
May 31, 2011 11:56:54 PM org.apache.solr.core.SolrResourceLoader <init>
INFO: Solr home set to '/home/huynhut/development/solr/'
May 31, 2011 11:56:54 PM org.apache.solr.core.SolrConfig initLibs
INFO: Adding specified lib dirs to ClassLoader
May 31, 2011 11:56:55 PM org.apache.solr.core.SolrConfig <init>
INFO: Loaded SolrConfig: solrconfig.xml
May 31, 2011 11:56:55 PM org.apache.solr.core.SolrCore <init>
INFO: Opening new SolrCore at /home/huynhut/development/solr/, dataDir=/home/huynhut/development/solr/data/development/
May 31, 2011 11:56:55 PM org.apache.solr.schema.IndexSchema readSchema
INFO: Reading Solr Schema
May 31, 2011 11:56:55 PM org.apache.solr.schema.IndexSchema readSchema
INFO: Schema name=sunspot
May 31, 2011 11:56:55 PM org.apache.solr.util.plugin.AbstractPluginLoader load
INFO: created string: org.apache.solr.schema.StrField
May 31, 2011 11:56:55 PM org.apache.solr.util.plugin.AbstractPluginLoader load
INFO: created tdouble: org.apache.solr.schema.TrieDoubleField
May 31, 2011 11:56:55 PM org.apache.solr.util.plugin.AbstractPluginLoader load
INFO: created rand: org.apache.solr.schema.RandomSortField
May 31, 2011 11:56:55 PM org.apache.solr.util.plugin.AbstractPluginLoader load
INFO: created null: org.apache.solr.analysis.StandardTokenizerFactory
May 31, 2011 11:56:55 PM org.apache.solr.util.plugin.AbstractPluginLoader load
INFO: created null: org.apache.solr.analysis.StandardFilterFactory
May 31, 2011 11:56:55 PM org.apache.solr.util.plugin.AbstractPluginLoader load
INFO: created null: org.apache.solr.analysis.LowerCaseFilterFactory
May 31, 2011 11:56:55 PM org.apache.solr.util.plugin.AbstractPluginLoader load
INFO: created null: org.apache.solr.analysis.SynonymFilterFactory
May 31, 2011 11:56:55 PM org.apache.solr.util.plugin.AbstractPluginLoader load
INFO: created null: org.apache.solr.analysis.EnglishPorterFilterFactory
May 31, 2011 11:56:55 PM org.apache.solr.util.plugin.AbstractPluginLoader load
INFO: created text: org.apache.solr.schema.TextField
May 31, 2011 11:56:55 PM org.apache.solr.util.plugin.AbstractPluginLoader load
INFO: created boolean: org.apache.solr.schema.BoolField
May 31, 2011 11:56:55 PM org.apache.solr.util.plugin.AbstractPluginLoader load
INFO: created date: org.apache.solr.schema.DateField
May 31, 2011 11:56:55 PM org.apache.solr.util.plugin.AbstractPluginLoader load
INFO: created sdouble: org.apache.solr.schema.SortableDoubleField
May 31, 2011 11:56:55 PM org.apache.solr.util.plugin.AbstractPluginLoader load
INFO: created sfloat: org.apache.solr.schema.SortableFloatField
May 31, 2011 11:56:55 PM org.apache.solr.util.plugin.AbstractPluginLoader load
INFO: created sint: org.apache.solr.schema.SortableIntField
May 31, 2011 11:56:55 PM org.apache.solr.util.plugin.AbstractPluginLoader load
INFO: created slong: org.apache.solr.schema.SortableLongField
May 31, 2011 11:56:55 PM org.apache.solr.util.plugin.AbstractPluginLoader load
INFO: created tint: org.apache.solr.schema.TrieIntField
May 31, 2011 11:56:55 PM org.apache.solr.util.plugin.AbstractPluginLoader load
INFO: created tfloat: org.apache.solr.schema.TrieFloatField
May 31, 2011 11:56:55 PM org.apache.solr.util.plugin.AbstractPluginLoader load
INFO: created tdate: org.apache.solr.schema.TrieDateField
May 31, 2011 11:56:55 PM org.apache.solr.util.plugin.AbstractPluginLoader load
INFO: created null: org.apache.solr.analysis.WhitespaceTokenizerFactory
May 31, 2011 11:56:55 PM org.apache.solr.util.plugin.AbstractPluginLoader load
INFO: created null: org.apache.solr.analysis.WordDelimiterFilterFactory
May 31, 2011 11:56:55 PM org.apache.solr.util.plugin.AbstractPluginLoader load
INFO: created null: org.apache.solr.analysis.LowerCaseFilterFactory
May 31, 2011 11:56:55 PM org.apache.solr.util.plugin.AbstractPluginLoader load
INFO: created null: org.apache.solr.analysis.StopFilterFactory
May 31, 2011 11:56:55 PM org.apache.solr.util.plugin.AbstractPluginLoader load
INFO: created null: org.apache.solr.analysis.WhitespaceTokenizerFactory
May 31, 2011 11:56:55 PM org.apache.solr.util.plugin.AbstractPluginLoader load
INFO: created null: org.apache.solr.analysis.WordDelimiterFilterFactory
May 31, 2011 11:56:55 PM org.apache.solr.util.plugin.AbstractPluginLoader load
INFO: created null: org.apache.solr.analysis.SynonymFilterFactory
May 31, 2011 11:56:55 PM org.apache.solr.util.plugin.AbstractPluginLoader load
INFO: created null: org.apache.solr.analysis.LowerCaseFilterFactory
May 31, 2011 11:56:55 PM org.apache.solr.util.plugin.AbstractPluginLoader load
INFO: created null: org.apache.solr.analysis.StopFilterFactory
May 31, 2011 11:56:55 PM org.apache.solr.util.plugin.AbstractPluginLoader load
INFO: created null: org.apache.solr.analysis.EdgeNGramFilterFactory
May 31, 2011 11:56:55 PM org.apache.solr.util.plugin.AbstractPluginLoader load
INFO: created text_substring: org.apache.solr.schema.TextField
May 31, 2011 11:56:55 PM org.apache.solr.util.plugin.AbstractPluginLoader load
INFO: created null: org.apache.solr.analysis.WhitespaceTokenizerFactory
May 31, 2011 11:56:55 PM org.apache.solr.util.plugin.AbstractPluginLoader load
INFO: created null: org.apache.solr.analysis.StandardFilterFactory
May 31, 2011 11:56:55 PM org.apache.solr.util.plugin.AbstractPluginLoader load
INFO: created null: org.apache.solr.analysis.LowerCaseFilterFactory
May 31, 2011 11:56:55 PM org.apache.solr.util.plugin.AbstractPluginLoader load
INFO: created null: org.apache.solr.analysis.ShingleFilterFactory
May 31, 2011 11:56:55 PM org.apache.solr.util.plugin.AbstractPluginLoader load
INFO: created text_shingle: org.apache.solr.schema.TextField
May 31, 2011 11:56:55 PM org.apache.solr.schema.IndexSchema readSchema
INFO: default search field is text
May 31, 2011 11:56:55 PM org.apache.solr.schema.IndexSchema readSchema
INFO: query parser default operator is AND
May 31, 2011 11:56:55 PM org.apache.solr.schema.IndexSchema readSchema
INFO: unique key field: id
May 31, 2011 11:56:55 PM org.apache.solr.core.JmxMonitoredMap <init>
INFO: No JMX servers found, not exposing Solr information with JMX.
May 31, 2011 11:56:55 PM org.apache.solr.core.SolrCore initListeners
INFO: Added SolrEventListener: org.apache.solr.core.QuerySenderListener{queries=[]}
May 31, 2011 11:56:55 PM org.apache.solr.core.SolrCore initListeners
INFO: Added SolrEventListener: org.apache.solr.core.QuerySenderListener{queries=[{q=solr rocks,start=0,rows=10}, {q=static firstSearcher warming query from solrconfig.xml}]}
May 31, 2011 11:56:55 PM org.apache.solr.request.XSLTResponseWriter init
INFO: xsltCacheLifetimeSeconds=5
May 31, 2011 11:56:55 PM org.apache.solr.core.RequestHandlers initHandlersFromConfig
INFO: created standard: solr.SearchHandler
May 31, 2011 11:56:55 PM org.apache.solr.core.RequestHandlers initHandlersFromConfig
INFO: created dismax: solr.SearchHandler
May 31, 2011 11:56:55 PM org.apache.solr.core.RequestHandlers initHandlersFromConfig
INFO: created partitioned: solr.SearchHandler
May 31, 2011 11:56:55 PM org.apache.solr.core.RequestHandlers initHandlersFromConfig
INFO: created /spell: solr.SearchHandler
May 31, 2011 11:56:55 PM org.apache.solr.core.RequestHandlers initHandlersFromConfig
INFO: created tvrh: org.apache.solr.handler.component.SearchHandler
May 31, 2011 11:56:55 PM org.apache.solr.core.RequestHandlers initHandlersFromConfig
INFO: adding lazy requestHandler: org.apache.solr.handler.extraction.ExtractingRequestHandler
May 31, 2011 11:56:55 PM org.apache.solr.core.RequestHandlers initHandlersFromConfig
INFO: created /update/extract: org.apache.solr.handler.extraction.ExtractingRequestHandler
May 31, 2011 11:56:55 PM org.apache.solr.core.RequestHandlers initHandlersFromConfig
INFO: created /terms: org.apache.solr.handler.component.SearchHandler
May 31, 2011 11:56:55 PM org.apache.solr.core.RequestHandlers initHandlersFromConfig
INFO: adding lazy requestHandler: solr.SearchHandler
May 31, 2011 11:56:55 PM org.apache.solr.core.RequestHandlers initHandlersFromConfig
INFO: created /elevate: solr.SearchHandler
May 31, 2011 11:56:55 PM org.apache.solr.core.RequestHandlers initHandlersFromConfig
INFO: created /update: solr.XmlUpdateRequestHandler
May 31, 2011 11:56:55 PM org.apache.solr.core.RequestHandlers initHandlersFromConfig
INFO: created /update/javabin: solr.BinaryUpdateRequestHandler
May 31, 2011 11:56:55 PM org.apache.solr.core.RequestHandlers initHandlersFromConfig
INFO: created /analysis/document: solr.DocumentAnalysisRequestHandler
May 31, 2011 11:56:55 PM org.apache.solr.core.RequestHandlers initHandlersFromConfig
INFO: created /analysis/field: solr.FieldAnalysisRequestHandler
May 31, 2011 11:56:55 PM org.apache.solr.core.RequestHandlers initHandlersFromConfig
INFO: adding lazy requestHandler: solr.CSVRequestHandler
May 31, 2011 11:56:55 PM org.apache.solr.core.RequestHandlers initHandlersFromConfig
INFO: created /update/csv: solr.CSVRequestHandler
May 31, 2011 11:56:55 PM org.apache.solr.core.RequestHandlers initHandlersFromConfig
INFO: created /admin/: org.apache.solr.handler.admin.AdminHandlers
May 31, 2011 11:56:55 PM org.apache.solr.core.RequestHandlers initHandlersFromConfig
INFO: created /admin/ping: PingRequestHandler
May 31, 2011 11:56:55 PM org.apache.solr.core.RequestHandlers initHandlersFromConfig
INFO: created /debug/dump: solr.DumpRequestHandler
May 31, 2011 11:56:55 PM org.apache.solr.core.RequestHandlers initHandlersFromConfig
INFO: created /mlt: solr.MoreLikeThisHandler
May 31, 2011 11:56:56 PM org.apache.solr.search.SolrIndexSearcher <init>
INFO: Opening Searcher@12c5431 main
May 31, 2011 11:56:56 PM org.apache.solr.update.DirectUpdateHandler2$CommitTracker <init>
INFO: AutoCommit: disabled
May 31, 2011 11:56:56 PM org.apache.solr.handler.component.SpellCheckComponent inform
INFO: Initializing spell checkers
May 31, 2011 11:56:56 PM org.apache.solr.handler.component.SpellCheckComponent inform
INFO: Registering newSearcher listener for spellchecker: default
May 31, 2011 11:56:56 PM org.apache.solr.handler.component.SpellCheckComponent inform
WARNING: No queryConverter defined, using default converter
May 31, 2011 11:56:56 PM org.apache.solr.handler.component.QueryElevationComponent inform
INFO: Loading QueryElevation from: /home/huynhut/development/solr/conf/elevate.xml
May 31, 2011 11:56:56 PM org.apache.solr.handler.component.SearchHandler inform
INFO: Adding  component:org.apache.solr.handler.component.QueryComponent@e5355f
May 31, 2011 11:56:56 PM org.apache.solr.handler.component.SearchHandler inform
INFO: Adding  component:org.apache.solr.handler.component.FacetComponent@132ae7
May 31, 2011 11:56:56 PM org.apache.solr.handler.component.SearchHandler inform
INFO: Adding  component:org.apache.solr.handler.component.MoreLikeThisComponent@65b738
May 31, 2011 11:56:56 PM org.apache.solr.handler.component.SearchHandler inform
INFO: Adding  component:org.apache.solr.handler.component.HighlightComponent@1dfd868
May 31, 2011 11:56:56 PM org.apache.solr.handler.component.SearchHandler inform
INFO: Adding  component:org.apache.solr.handler.component.StatsComponent@f894ce
May 31, 2011 11:56:56 PM org.apache.solr.handler.component.SearchHandler inform
INFO: Adding  component:org.apache.solr.handler.component.SpellCheckComponent@1f1680f
May 31, 2011 11:56:56 PM org.apache.solr.handler.component.SearchHandler inform
INFO: Adding  debug component:org.apache.solr.handler.component.DebugComponent@1e6e305
May 31, 2011 11:56:56 PM org.apache.solr.handler.component.SearchHandler inform
INFO: Adding  component:org.apache.solr.handler.component.QueryComponent@e5355f
May 31, 2011 11:56:56 PM org.apache.solr.handler.component.SearchHandler inform
INFO: Adding  component:org.apache.solr.handler.component.FacetComponent@132ae7
May 31, 2011 11:56:56 PM org.apache.solr.handler.component.SearchHandler inform
INFO: Adding  component:org.apache.solr.handler.component.MoreLikeThisComponent@65b738
May 31, 2011 11:56:56 PM org.apache.solr.handler.component.SearchHandler inform
INFO: Adding  component:org.apache.solr.handler.component.HighlightComponent@1dfd868
May 31, 2011 11:56:56 PM org.apache.solr.handler.component.SearchHandler inform
INFO: Adding  component:org.apache.solr.handler.component.StatsComponent@f894ce
May 31, 2011 11:56:56 PM org.apache.solr.handler.component.SearchHandler inform
INFO: Adding  debug component:org.apache.solr.handler.component.DebugComponent@1e6e305
May 31, 2011 11:56:56 PM org.apache.solr.handler.component.SearchHandler inform
INFO: Adding  component:org.apache.solr.handler.component.QueryComponent@e5355f
May 31, 2011 11:56:56 PM org.apache.solr.handler.component.SearchHandler inform
INFO: Adding  component:org.apache.solr.handler.component.FacetComponent@132ae7
May 31, 2011 11:56:56 PM org.apache.solr.handler.component.SearchHandler inform
INFO: Adding  component:org.apache.solr.handler.component.MoreLikeThisComponent@65b738
May 31, 2011 11:56:56 PM org.apache.solr.handler.component.SearchHandler inform
INFO: Adding  component:org.apache.solr.handler.component.HighlightComponent@1dfd868
May 31, 2011 11:56:56 PM org.apache.solr.handler.component.SearchHandler inform
INFO: Adding  component:org.apache.solr.handler.component.StatsComponent@f894ce
May 31, 2011 11:56:56 PM org.apache.solr.handler.component.SearchHandler inform
INFO: Adding  debug component:org.apache.solr.handler.component.DebugComponent@1e6e305
May 31, 2011 11:56:56 PM org.apache.solr.handler.component.SearchHandler inform
INFO: Adding  component:org.apache.solr.handler.component.QueryComponent@e5355f
May 31, 2011 11:56:56 PM org.apache.solr.handler.component.SearchHandler inform
INFO: Adding  component:org.apache.solr.handler.component.FacetComponent@132ae7
May 31, 2011 11:56:56 PM org.apache.solr.handler.component.SearchHandler inform
INFO: Adding  component:org.apache.solr.handler.component.MoreLikeThisComponent@65b738
May 31, 2011 11:56:56 PM org.apache.solr.handler.component.SearchHandler inform
INFO: Adding  component:org.apache.solr.handler.component.HighlightComponent@1dfd868
May 31, 2011 11:56:56 PM org.apache.solr.handler.component.SearchHandler inform
INFO: Adding  component:org.apache.solr.handler.component.StatsComponent@f894ce
May 31, 2011 11:56:56 PM org.apache.solr.handler.component.SearchHandler inform
INFO: Adding  component:org.apache.solr.handler.component.SpellCheckComponent@1f1680f
May 31, 2011 11:56:56 PM org.apache.solr.handler.component.SearchHandler inform
INFO: Adding  debug component:org.apache.solr.handler.component.DebugComponent@1e6e305
May 31, 2011 11:56:56 PM org.apache.solr.handler.component.SearchHandler inform
INFO: Adding  component:org.apache.solr.handler.component.QueryComponent@e5355f
May 31, 2011 11:56:56 PM org.apache.solr.handler.component.SearchHandler inform
INFO: Adding  component:org.apache.solr.handler.component.FacetComponent@132ae7
May 31, 2011 11:56:56 PM org.apache.solr.handler.component.SearchHandler inform
INFO: Adding  component:org.apache.solr.handler.component.MoreLikeThisComponent@65b738
May 31, 2011 11:56:56 PM org.apache.solr.handler.component.SearchHandler inform
INFO: Adding  component:org.apache.solr.handler.component.HighlightComponent@1dfd868
May 31, 2011 11:56:56 PM org.apache.solr.handler.component.SearchHandler inform
INFO: Adding  component:org.apache.solr.handler.component.StatsComponent@f894ce
May 31, 2011 11:56:56 PM org.apache.solr.handler.component.SearchHandler inform
INFO: Adding  component:org.apache.solr.handler.component.TermVectorComponent@14275d4
May 31, 2011 11:56:56 PM org.apache.solr.handler.component.SearchHandler inform
INFO: Adding  debug component:org.apache.solr.handler.component.DebugComponent@1e6e305
May 31, 2011 11:56:56 PM org.apache.solr.handler.component.SearchHandler inform
INFO: Adding  component:org.apache.solr.handler.component.TermsComponent@45e228
May 31, 2011 11:56:56 PM org.apache.solr.core.QuerySenderListener newSearcher
INFO: QuerySenderListener sending requests to Searcher@12c5431 main
May 31, 2011 11:56:56 PM org.apache.solr.core.CoreContainer register
INFO: registering core: 
May 31, 2011 11:56:56 PM org.apache.solr.servlet.SolrDispatchFilter init
INFO: user.dir=/home/huynhut/.rvm/rubies/ruby-1.9.2-p180/lib/ruby/gems/1.9.1/bundler/gems/sunspot-d9155ec14abb/sunspot/solr
May 31, 2011 11:56:56 PM org.apache.solr.servlet.SolrDispatchFilter init
INFO: SolrDispatchFilter.init() done
May 31, 2011 11:56:56 PM org.apache.solr.servlet.SolrServlet init
INFO: SolrServlet.init()
May 31, 2011 11:56:56 PM org.apache.solr.core.SolrResourceLoader locateSolrHome
INFO: JNDI not configured for solr (NoInitialContextEx)
May 31, 2011 11:56:56 PM org.apache.solr.core.SolrResourceLoader locateSolrHome
INFO: using system property solr.solr.home: /home/huynhut/development/solr
May 31, 2011 11:56:56 PM org.apache.solr.servlet.SolrServlet init
INFO: SolrServlet.init() done
May 31, 2011 11:56:56 PM org.apache.solr.core.SolrResourceLoader locateSolrHome
INFO: JNDI not configured for solr (NoInitialContextEx)
May 31, 2011 11:56:56 PM org.apache.solr.core.SolrResourceLoader locateSolrHome
INFO: using system property solr.solr.home: /home/huynhut/development/solr
May 31, 2011 11:56:56 PM org.apache.solr.servlet.SolrUpdateServlet init
INFO: SolrUpdateServlet.init() done
May 31, 2011 11:56:56 PM org.apache.solr.core.SolrCore execute
INFO: [] webapp=null path=null params={start=0&event=firstSearcher&q=solr+rocks&rows=10} hits=0 status=0 QTime=84 
May 31, 2011 11:56:56 PM org.apache.solr.core.SolrCore execute
INFO: [] webapp=null path=null params={event=firstSearcher&q=static+firstSearcher+warming+query+from+solrconfig.xml} hits=0 status=0 QTime=3 
May 31, 2011 11:56:56 PM org.apache.solr.core.QuerySenderListener newSearcher
INFO: QuerySenderListener done.
May 31, 2011 11:56:56 PM org.apache.solr.handler.component.SpellCheckComponent$SpellCheckerListener newSearcher
INFO: Loading spell index for spellchecker: default
May 31, 2011 11:56:56 PM org.apache.solr.core.SolrCore registerSearcher
INFO: [] Registered new searcher Searcher@12c5431 main
May 31, 2011 11:57:00 PM org.apache.solr.core.SolrDeletionPolicy onInit
INFO: SolrDeletionPolicy.onInit: commits:num=1
	commit{dir=/home/huynhut/development/solr/data/development/index,segFN=segments_1,version=1306857151499,generation=1,filenames=[segments_1]
May 31, 2011 11:57:00 PM org.apache.solr.core.SolrDeletionPolicy updateCommits
INFO: newest commit = 1306857151499
May 31, 2011 11:57:00 PM org.apache.solr.update.processor.LogUpdateProcessor finish
INFO: {add=[User 13]} 0 124
May 31, 2011 11:57:00 PM org.apache.solr.core.SolrCore execute
INFO: [] webapp=/solr path=/update params={wt=ruby} status=0 QTime=124 
Jun 1, 2011 12:01:59 AM org.apache.solr.update.processor.LogUpdateProcessor finish
INFO: {add=[User 13]} 0 4
Jun 1, 2011 12:01:59 AM org.apache.solr.core.SolrCore execute
INFO: [] webapp=/solr path=/update params={wt=ruby} status=0 QTime=4 
Jun 1, 2011 12:01:59 AM org.apache.solr.update.processor.LogUpdateProcessor finish
INFO: {add=[User 13]} 0 2
Jun 1, 2011 12:01:59 AM org.apache.solr.core.SolrCore execute
INFO: [] webapp=/solr path=/update params={wt=ruby} status=0 QTime=2 
Jun 1, 2011 12:01:59 AM org.apache.solr.update.DirectUpdateHandler2 commit
INFO: start commit(optimize=false,waitFlush=false,waitSearcher=true,expungeDeletes=false)
Jun 1, 2011 12:02:00 AM org.apache.solr.core.SolrDeletionPolicy onCommit
INFO: SolrDeletionPolicy.onCommit: commits:num=2
	commit{dir=/home/huynhut/development/solr/data/development/index,segFN=segments_1,version=1306857151499,generation=1,filenames=[segments_1]
	commit{dir=/home/huynhut/development/solr/data/development/index,segFN=segments_2,version=1306857151500,generation=2,filenames=[_0.nrm, _0.tis, _0.fnm, _0.tii, _0.frq, _0_1.del, segments_2, _0.fdx, _0.prx, _0.fdt]
Jun 1, 2011 12:02:00 AM org.apache.solr.core.SolrDeletionPolicy updateCommits
INFO: newest commit = 1306857151500
Jun 1, 2011 12:02:00 AM org.apache.solr.search.SolrIndexSearcher <init>
INFO: Opening Searcher@15dc37d main
Jun 1, 2011 12:02:00 AM org.apache.solr.update.DirectUpdateHandler2 commit
INFO: end_commit_flush
Jun 1, 2011 12:02:00 AM org.apache.solr.search.SolrIndexSearcher warm
INFO: autowarming Searcher@15dc37d main from Searcher@12c5431 main
	fieldValueCache{lookups=0,hits=0,hitratio=0.00,inserts=0,evictions=0,size=0,warmupTime=0,cumulative_lookups=0,cumulative_hits=0,cumulative_hitratio=0.00,cumulative_inserts=0,cumulative_evictions=0}
Jun 1, 2011 12:02:00 AM org.apache.solr.search.SolrIndexSearcher warm
INFO: autowarming result for Searcher@15dc37d main
	fieldValueCache{lookups=0,hits=0,hitratio=0.00,inserts=0,evictions=0,size=0,warmupTime=0,cumulative_lookups=0,cumulative_hits=0,cumulative_hitratio=0.00,cumulative_inserts=0,cumulative_evictions=0}
Jun 1, 2011 12:02:00 AM org.apache.solr.search.SolrIndexSearcher warm
INFO: autowarming Searcher@15dc37d main from Searcher@12c5431 main
	filterCache{lookups=0,hits=0,hitratio=0.00,inserts=0,evictions=0,size=0,warmupTime=0,cumulative_lookups=0,cumulative_hits=0,cumulative_hitratio=0.00,cumulative_inserts=0,cumulative_evictions=0}
Jun 1, 2011 12:02:00 AM org.apache.solr.search.SolrIndexSearcher warm
INFO: autowarming result for Searcher@15dc37d main
	filterCache{lookups=0,hits=0,hitratio=0.00,inserts=0,evictions=0,size=0,warmupTime=0,cumulative_lookups=0,cumulative_hits=0,cumulative_hitratio=0.00,cumulative_inserts=0,cumulative_evictions=0}
Jun 1, 2011 12:02:00 AM org.apache.solr.search.SolrIndexSearcher warm
INFO: autowarming Searcher@15dc37d main from Searcher@12c5431 main
	queryResultCache{lookups=0,hits=0,hitratio=0.00,inserts=2,evictions=0,size=2,warmupTime=0,cumulative_lookups=0,cumulative_hits=0,cumulative_hitratio=0.00,cumulative_inserts=0,cumulative_evictions=0}
Jun 1, 2011 12:02:00 AM org.apache.solr.search.SolrIndexSearcher warm
INFO: autowarming result for Searcher@15dc37d main
	queryResultCache{lookups=0,hits=0,hitratio=0.00,inserts=0,evictions=0,size=0,warmupTime=0,cumulative_lookups=0,cumulative_hits=0,cumulative_hitratio=0.00,cumulative_inserts=0,cumulative_evictions=0}
Jun 1, 2011 12:02:00 AM org.apache.solr.search.SolrIndexSearcher warm
INFO: autowarming Searcher@15dc37d main from Searcher@12c5431 main
	documentCache{lookups=0,hits=0,hitratio=0.00,inserts=0,evictions=0,size=0,warmupTime=0,cumulative_lookups=0,cumulative_hits=0,cumulative_hitratio=0.00,cumulative_inserts=0,cumulative_evictions=0}
Jun 1, 2011 12:02:00 AM org.apache.solr.search.SolrIndexSearcher warm
INFO: autowarming result for Searcher@15dc37d main
	documentCache{lookups=0,hits=0,hitratio=0.00,inserts=0,evictions=0,size=0,warmupTime=0,cumulative_lookups=0,cumulative_hits=0,cumulative_hitratio=0.00,cumulative_inserts=0,cumulative_evictions=0}
Jun 1, 2011 12:02:00 AM org.apache.solr.core.QuerySenderListener newSearcher
INFO: QuerySenderListener sending requests to Searcher@15dc37d main
Jun 1, 2011 12:02:00 AM org.apache.solr.core.QuerySenderListener newSearcher
INFO: QuerySenderListener done.
Jun 1, 2011 12:02:00 AM org.apache.solr.handler.component.SpellCheckComponent$SpellCheckerListener buildSpellIndex
INFO: Building spell index for spell checker: default
Jun 1, 2011 12:02:00 AM org.apache.solr.core.SolrCore registerSearcher
INFO: [] Registered new searcher Searcher@15dc37d main
Jun 1, 2011 12:02:00 AM org.apache.solr.search.SolrIndexSearcher close
INFO: Closing Searcher@12c5431 main
	fieldValueCache{lookups=0,hits=0,hitratio=0.00,inserts=0,evictions=0,size=0,warmupTime=0,cumulative_lookups=0,cumulative_hits=0,cumulative_hitratio=0.00,cumulative_inserts=0,cumulative_evictions=0}
	filterCache{lookups=0,hits=0,hitratio=0.00,inserts=0,evictions=0,size=0,warmupTime=0,cumulative_lookups=0,cumulative_hits=0,cumulative_hitratio=0.00,cumulative_inserts=0,cumulative_evictions=0}
	queryResultCache{lookups=0,hits=0,hitratio=0.00,inserts=2,evictions=0,size=2,warmupTime=0,cumulative_lookups=0,cumulative_hits=0,cumulative_hitratio=0.00,cumulative_inserts=0,cumulative_evictions=0}
	documentCache{lookups=0,hits=0,hitratio=0.00,inserts=0,evictions=0,size=0,warmupTime=0,cumulative_lookups=0,cumulative_hits=0,cumulative_hitratio=0.00,cumulative_inserts=0,cumulative_evictions=0}
Jun 1, 2011 12:02:00 AM org.apache.solr.update.processor.LogUpdateProcessor finish
INFO: {commit=} 0 721
Jun 1, 2011 12:02:00 AM org.apache.solr.core.SolrCore execute
INFO: [] webapp=/solr path=/update params={wt=ruby} status=0 QTime=721 
Jun 1, 2011 12:02:14 AM org.apache.solr.core.SolrCore execute
INFO: [] webapp=/solr path=/select params={wt=ruby&start=0&fq=type:User&fq=-id_i:13&fq=-sign_in_count_i:0&q=*:*&rows=20} hits=0 status=0 QTime=23 
Jun 1, 2011 12:02:41 AM org.apache.solr.core.SolrCore execute
INFO: [] webapp=/solr path=/select params={sort=name_s+asc&fl=*+score&start=0&q=a&spellcheck.q=a&qf=org_name_textsubstring&wt=ruby&fq=type:Organization&defType=dismax&rows=1000} hits=0 status=0 QTime=43 
Jun 1, 2011 12:02:52 AM org.apache.solr.core.SolrCore execute
INFO: [] webapp=/solr path=/select params={sort=name_s+asc&start=0&q=*:*&wt=ruby&fq=type:Organization&fq=first_letter_ss:B&rows=1000} hits=0 status=0 QTime=4 
Jun 1, 2011 12:03:09 AM org.apache.solr.core.SolrCore execute
INFO: [] webapp=/solr path=/select params={sort=name_s+asc&fl=*+score&start=0&q=be&spellcheck.q=be&qf=org_name_textsubstring&wt=ruby&fq=type:Organization&defType=dismax&rows=1000} hits=0 status=0 QTime=3 
Jun 1, 2011 12:08:31 AM org.apache.solr.core.SolrDeletionPolicy onInit
INFO: SolrDeletionPolicy.onInit: commits:num=1
	commit{dir=/home/huynhut/development/solr/data/development/index,segFN=segments_2,version=1306857151500,generation=2,filenames=[_0.nrm, _0.tis, _0.fnm, _0.tii, _0.frq, _0_1.del, segments_2, _0.fdx, _0.prx, _0.fdt]
Jun 1, 2011 12:08:31 AM org.apache.solr.core.SolrDeletionPolicy updateCommits
INFO: newest commit = 1306857151500
Jun 1, 2011 12:08:31 AM org.apache.solr.update.processor.LogUpdateProcessor finish
INFO: {add=[User 13]} 0 11
Jun 1, 2011 12:08:31 AM org.apache.solr.core.SolrCore execute
INFO: [] webapp=/solr path=/update params={wt=ruby} status=0 QTime=11 
Jun 1, 2011 12:08:32 AM org.apache.solr.update.DirectUpdateHandler2 commit
INFO: start commit(optimize=false,waitFlush=false,waitSearcher=true,expungeDeletes=false)
Jun 1, 2011 12:08:32 AM org.apache.solr.core.SolrDeletionPolicy onCommit
INFO: SolrDeletionPolicy.onCommit: commits:num=2
	commit{dir=/home/huynhut/development/solr/data/development/index,segFN=segments_2,version=1306857151500,generation=2,filenames=[_0.nrm, _0.tis, _0.fnm, _0.tii, _0.frq, _0_1.del, segments_2, _0.fdx, _0.prx, _0.fdt]
	commit{dir=/home/huynhut/development/solr/data/development/index,segFN=segments_3,version=1306857151501,generation=3,filenames=[_0.tis, _0.nrm, _1.tis, _0.fnm, _1.frq, _1.fnm, _1.fdx, _1.prx, _0.tii, _1.fdt, _0.frq, _1.tii, _0.fdx, _0.prx, _0_2.del, _1.nrm, segments_3, _0.fdt]
Jun 1, 2011 12:08:32 AM org.apache.solr.core.SolrDeletionPolicy updateCommits
INFO: newest commit = 1306857151501
Jun 1, 2011 12:08:32 AM org.apache.solr.search.SolrIndexSearcher <init>
INFO: Opening Searcher@9b8ff9 main
Jun 1, 2011 12:08:32 AM org.apache.solr.update.DirectUpdateHandler2 commit
INFO: end_commit_flush
Jun 1, 2011 12:08:32 AM org.apache.solr.search.SolrIndexSearcher warm
INFO: autowarming Searcher@9b8ff9 main from Searcher@15dc37d main
	fieldValueCache{lookups=0,hits=0,hitratio=0.00,inserts=0,evictions=0,size=0,warmupTime=0,cumulative_lookups=0,cumulative_hits=0,cumulative_hitratio=0.00,cumulative_inserts=0,cumulative_evictions=0}
Jun 1, 2011 12:08:32 AM org.apache.solr.search.SolrIndexSearcher warm
INFO: autowarming result for Searcher@9b8ff9 main
	fieldValueCache{lookups=0,hits=0,hitratio=0.00,inserts=0,evictions=0,size=0,warmupTime=0,cumulative_lookups=0,cumulative_hits=0,cumulative_hitratio=0.00,cumulative_inserts=0,cumulative_evictions=0}
Jun 1, 2011 12:08:32 AM org.apache.solr.search.SolrIndexSearcher warm
INFO: autowarming Searcher@9b8ff9 main from Searcher@15dc37d main
	filterCache{lookups=6,hits=1,hitratio=0.16,inserts=5,evictions=0,size=5,warmupTime=0,cumulative_lookups=6,cumulative_hits=1,cumulative_hitratio=0.16,cumulative_inserts=5,cumulative_evictions=0}
Jun 1, 2011 12:08:32 AM org.apache.solr.search.SolrIndexSearcher warm
INFO: autowarming result for Searcher@9b8ff9 main
	filterCache{lookups=0,hits=0,hitratio=0.00,inserts=0,evictions=0,size=0,warmupTime=0,cumulative_lookups=6,cumulative_hits=1,cumulative_hitratio=0.16,cumulative_inserts=5,cumulative_evictions=0}
Jun 1, 2011 12:08:32 AM org.apache.solr.search.SolrIndexSearcher warm
INFO: autowarming Searcher@9b8ff9 main from Searcher@15dc37d main
	queryResultCache{lookups=4,hits=1,hitratio=0.25,inserts=3,evictions=0,size=3,warmupTime=0,cumulative_lookups=4,cumulative_hits=1,cumulative_hitratio=0.25,cumulative_inserts=3,cumulative_evictions=0}
Jun 1, 2011 12:08:32 AM org.apache.solr.search.SolrIndexSearcher warm
INFO: autowarming result for Searcher@9b8ff9 main
	queryResultCache{lookups=0,hits=0,hitratio=0.00,inserts=0,evictions=0,size=0,warmupTime=0,cumulative_lookups=4,cumulative_hits=1,cumulative_hitratio=0.25,cumulative_inserts=3,cumulative_evictions=0}
Jun 1, 2011 12:08:32 AM org.apache.solr.search.SolrIndexSearcher warm
INFO: autowarming Searcher@9b8ff9 main from Searcher@15dc37d main
	documentCache{lookups=0,hits=0,hitratio=0.00,inserts=0,evictions=0,size=0,warmupTime=0,cumulative_lookups=0,cumulative_hits=0,cumulative_hitratio=0.00,cumulative_inserts=0,cumulative_evictions=0}
Jun 1, 2011 12:08:32 AM org.apache.solr.search.SolrIndexSearcher warm
INFO: autowarming result for Searcher@9b8ff9 main
	documentCache{lookups=0,hits=0,hitratio=0.00,inserts=0,evictions=0,size=0,warmupTime=0,cumulative_lookups=0,cumulative_hits=0,cumulative_hitratio=0.00,cumulative_inserts=0,cumulative_evictions=0}
Jun 1, 2011 12:08:32 AM org.apache.solr.core.QuerySenderListener newSearcher
INFO: QuerySenderListener sending requests to Searcher@9b8ff9 main
Jun 1, 2011 12:08:32 AM org.apache.solr.core.QuerySenderListener newSearcher
INFO: QuerySenderListener done.
Jun 1, 2011 12:08:32 AM org.apache.solr.handler.component.SpellCheckComponent$SpellCheckerListener buildSpellIndex
INFO: Building spell index for spell checker: default
Jun 1, 2011 12:08:32 AM org.apache.solr.core.SolrCore registerSearcher
INFO: [] Registered new searcher Searcher@9b8ff9 main
Jun 1, 2011 12:08:32 AM org.apache.solr.search.SolrIndexSearcher close
INFO: Closing Searcher@15dc37d main
	fieldValueCache{lookups=0,hits=0,hitratio=0.00,inserts=0,evictions=0,size=0,warmupTime=0,cumulative_lookups=0,cumulative_hits=0,cumulative_hitratio=0.00,cumulative_inserts=0,cumulative_evictions=0}
	filterCache{lookups=6,hits=1,hitratio=0.16,inserts=5,evictions=0,size=5,warmupTime=0,cumulative_lookups=6,cumulative_hits=1,cumulative_hitratio=0.16,cumulative_inserts=5,cumulative_evictions=0}
	queryResultCache{lookups=4,hits=1,hitratio=0.25,inserts=3,evictions=0,size=3,warmupTime=0,cumulative_lookups=4,cumulative_hits=1,cumulative_hitratio=0.25,cumulative_inserts=3,cumulative_evictions=0}
	documentCache{lookups=0,hits=0,hitratio=0.00,inserts=0,evictions=0,size=0,warmupTime=0,cumulative_lookups=0,cumulative_hits=0,cumulative_hitratio=0.00,cumulative_inserts=0,cumulative_evictions=0}
Jun 1, 2011 12:08:32 AM org.apache.solr.update.processor.LogUpdateProcessor finish
INFO: {commit=} 0 735
Jun 1, 2011 12:08:32 AM org.apache.solr.core.SolrCore execute
INFO: [] webapp=/solr path=/update params={wt=ruby} status=0 QTime=735 
Jun 1, 2011 12:08:44 AM org.apache.solr.core.SolrCore execute
INFO: [] webapp=/solr path=/select params={sort=name_s+asc&fl=*+score&start=0&q=ab&spellcheck.q=ab&qf=org_name_textsubstring&wt=ruby&fq=type:Organization&defType=dismax&rows=10} hits=0 status=0 QTime=13 
